# JRE version: Java(TM) SE Runtime Environment (8.0_25-b18) (build 1.8.0_25-b18)
# Java VM: Java HotSpot(TM) Client VM (25.25-b02 mixed mode, sharing windows-x86 )
Heap:
 def new generation   total 4928K, used 1575K [0x02c00000, 0x03150000, 0x08150000)
  eden space 4416K,  29% used [0x02c00000, 0x02d44d48, 0x03050000)
  from space 512K,  53% used [0x03050000, 0x03095090, 0x030d0000)
  to   space 512K,   0% used [0x030d0000, 0x030d0000, 0x03150000)
 tenured generation   total 10944K, used 7145K [0x08150000, 0x08c00000, 0x12c00000)
   the space 10944K,  65% used [0x08150000, 0x0884a600, 0x0884a600, 0x08c00000)
 Metaspace       used 7402K, capacity 9286K, committed 9344K, reserved 9600K
GC Heap History (10 events):
Event: 157.976 GC heap before
{Heap before GC invocations=25 (full 0):
 def new generation   total 4928K, used 4678K [0x02c00000, 0x03150000, 0x08150000)
  eden space 4416K, 100% used [0x02c00000, 0x03050000, 0x03050000)
  from space 512K,  51% used [0x030d0000, 0x03111980, 0x03150000)
  to   space 512K,   0% used [0x03050000, 0x03050000, 0x030d0000)
 tenured generation   total 10944K, used 6987K [0x08150000, 0x08c00000, 0x12c00000)
   the space 10944K,  63% used [0x08150000, 0x08822ec8, 0x08823000, 0x08c00000)
 Metaspace       used 7402K, capacity 9286K, committed 9344K, reserved 9600K
Event: 157.979 GC heap after
Heap after GC invocations=26 (full 0):
 def new generation   total 4928K, used 237K [0x02c00000, 0x03150000, 0x08150000)
  eden space 4416K,   0% used [0x02c00000, 0x02c00000, 0x03050000)
  from space 512K,  46% used [0x03050000, 0x0308b4a8, 0x030d0000)
  to   space 512K,   0% used [0x030d0000, 0x030d0000, 0x03150000)
 tenured generation   total 10944K, used 7049K [0x08150000, 0x08c00000, 0x12c00000)
   the space 10944K,  64% used [0x08150000, 0x088327c8, 0x08832800, 0x08c00000)
 Metaspace       used 7402K, capacity 9286K, committed 9344K, reserved 9600K
}
Event: 162.669 GC heap before
{Heap before GC invocations=26 (full 0):
 def new generation   total 4928K, used 4653K [0x02c00000, 0x03150000, 0x08150000)
  eden space 4416K, 100% used [0x02c00000, 0x03050000, 0x03050000)
  from space 512K,  46% used [0x03050000, 0x0308b4a8, 0x030d0000)
  to   space 512K,   0% used [0x030d0000, 0x030d0000, 0x03150000)
 tenured generation   total 10944K, used 7049K [0x08150000, 0x08c00000, 0x12c00000)
   the space 10944K,  64% used [0x08150000, 0x088327c8, 0x08832800, 0x08c00000)
 Metaspace       used 7402K, capacity 9286K, committed 9344K, reserved 9600K
Event: 162.672 GC heap after
Heap after GC invocations=27 (full 0):
 def new generation   total 4928K, used 267K [0x02c00000, 0x03150000, 0x08150000)
  eden space 4416K,   0% used [0x02c00000, 0x02c00000, 0x03050000)
  from space 512K,  52% used [0x030d0000, 0x03112c78, 0x03150000)
  to   space 512K,   0% used [0x03050000, 0x03050000, 0x030d0000)
 tenured generation   total 10944K, used 7049K [0x08150000, 0x08c00000, 0x12c00000)
   the space 10944K,  64% used [0x08150000, 0x088327c8, 0x08832800, 0x08c00000)
 Metaspace       used 7402K, capacity 9286K, committed 9344K, reserved 9600K
}
Event: 166.476 GC heap before
{Heap before GC invocations=27 (full 0):
 def new generation   total 4928K, used 4683K [0x02c00000, 0x03150000, 0x08150000)
  eden space 4416K, 100% used [0x02c00000, 0x03050000, 0x03050000)
  from space 512K,  52% used [0x030d0000, 0x03112c78, 0x03150000)
  to   space 512K,   0% used [0x03050000, 0x03050000, 0x030d0000)
 tenured generation   total 10944K, used 7049K [0x08150000, 0x08c00000, 0x12c00000)
   the space 10944K,  64% used [0x08150000, 0x088327c8, 0x08832800, 0x08c00000)
 Metaspace       used 7402K, capacity 9286K, committed 9344K, reserved 9600K
Event: 166.480 GC heap after
Heap after GC invocations=28 (full 0):
 def new generation   total 4928K, used 290K [0x02c00000, 0x03150000, 0x08150000)
  eden space 4416K,   0% used [0x02c00000, 0x02c00000, 0x03050000)
  from space 512K,  56% used [0x03050000, 0x03098ad0, 0x030d0000)
  to   space 512K,   0% used [0x030d0000, 0x030d0000, 0x03150000)
 tenured generation   total 10944K, used 7079K [0x08150000, 0x08c00000, 0x12c00000)
   the space 10944K,  64% used [0x08150000, 0x08839c50, 0x08839e00, 0x08c00000)
 Metaspace       used 7402K, capacity 9286K, committed 9344K, reserved 9600K
}
Event: 171.380 GC heap before
{Heap before GC invocations=28 (full 0):
 def new generation   total 4928K, used 4706K [0x02c00000, 0x03150000, 0x08150000)
  eden space 4416K, 100% used [0x02c00000, 0x03050000, 0x03050000)
  from space 512K,  56% used [0x03050000, 0x03098ad0, 0x030d0000)
  to   space 512K,   0% used [0x030d0000, 0x030d0000, 0x03150000)
 tenured generation   total 10944K, used 7079K [0x08150000, 0x08c00000, 0x12c00000)
   the space 10944K,  64% used [0x08150000, 0x08839c50, 0x08839e00, 0x08c00000)
 Metaspace       used 7402K, capacity 9286K, committed 9344K, reserved 9600K
Event: 171.383 GC heap after
Heap after GC invocations=29 (full 0):
 def new generation   total 4928K, used 270K [0x02c00000, 0x03150000, 0x08150000)
  eden space 4416K,   0% used [0x02c00000, 0x02c00000, 0x03050000)
  from space 512K,  52% used [0x030d0000, 0x031138d0, 0x03150000)
  to   space 512K,   0% used [0x03050000, 0x03050000, 0x030d0000)
 tenured generation   total 10944K, used 7124K [0x08150000, 0x08c00000, 0x12c00000)
   the space 10944K,  65% used [0x08150000, 0x088453b8, 0x08845400, 0x08c00000)
 Metaspace       used 7402K, capacity 9286K, committed 9344K, reserved 9600K
}
Event: 176.386 GC heap before
{Heap before GC invocations=29 (full 0):
 def new generation   total 4928K, used 4686K [0x02c00000, 0x03150000, 0x08150000)
  eden space 4416K, 100% used [0x02c00000, 0x03050000, 0x03050000)
  from space 512K,  52% used [0x030d0000, 0x031138d0, 0x03150000)
  to   space 512K,   0% used [0x03050000, 0x03050000, 0x030d0000)
 tenured generation   total 10944K, used 7124K [0x08150000, 0x08c00000, 0x12c00000)
   the space 10944K,  65% used [0x08150000, 0x088453b8, 0x08845400, 0x08c00000)
 Metaspace       used 7402K, capacity 9286K, committed 9344K, reserved 9600K
Event: 176.389 GC heap after
Heap after GC invocations=30 (full 0):
 def new generation   total 4928K, used 276K [0x02c00000, 0x03150000, 0x08150000)
  eden space 4416K,   0% used [0x02c00000, 0x02c00000, 0x03050000)
  from space 512K,  53% used [0x03050000, 0x03095090, 0x030d0000)
  to   space 512K,   0% used [0x030d0000, 0x030d0000, 0x03150000)
 tenured generation   total 10944K, used 7145K [0x08150000, 0x08c00000, 0x12c00000)
   the space 10944K,  65% used [0x08150000, 0x0884a600, 0x0884a600, 0x08c00000)
 Metaspace       used 7402K, capacity 9286K, committed 9344K, reserved 9600K
}

