# JRE version: Java(TM) SE Runtime Environment (8.0_25-b18) (build 1.8.0_25-b18)
# Java VM: Java HotSpot(TM) Client VM (25.25-b02 mixed mode, sharing windows-x86 )
Heap:
 def new generation   total 4928K, used 2755K [0x02c00000, 0x03150000, 0x08150000)
  eden space 4416K,  56% used [0x02c00000, 0x02e74c30, 0x03050000)
  from space 512K,  46% used [0x030d0000, 0x0310c030, 0x03150000)
  to   space 512K,   0% used [0x03050000, 0x03050000, 0x030d0000)
 tenured generation   total 10944K, used 7499K [0x08150000, 0x08c00000, 0x12c00000)
   the space 10944K,  68% used [0x08150000, 0x088a2c78, 0x088a2e00, 0x08c00000)
 Metaspace       used 7394K, capacity 9284K, committed 9344K, reserved 9600K
GC Heap History (10 events):
Event: 204.608 GC heap before
{Heap before GC invocations=44 (full 0):
 def new generation   total 4928K, used 4686K [0x02c00000, 0x03150000, 0x08150000)
  eden space 4416K, 100% used [0x02c00000, 0x03050000, 0x03050000)
  from space 512K,  52% used [0x03050000, 0x030939f8, 0x030d0000)
  to   space 512K,   0% used [0x030d0000, 0x030d0000, 0x03150000)
 tenured generation   total 10944K, used 7381K [0x08150000, 0x08c00000, 0x12c00000)
   the space 10944K,  67% used [0x08150000, 0x08885620, 0x08885800, 0x08c00000)
 Metaspace       used 7394K, capacity 9284K, committed 9344K, reserved 9600K
Event: 204.612 GC heap after
Heap after GC invocations=45 (full 0):
 def new generation   total 4928K, used 256K [0x02c00000, 0x03150000, 0x08150000)
  eden space 4416K,   0% used [0x02c00000, 0x02c00000, 0x03050000)
  from space 512K,  50% used [0x030d0000, 0x031101a8, 0x03150000)
  to   space 512K,   0% used [0x03050000, 0x03050000, 0x030d0000)
 tenured generation   total 10944K, used 7402K [0x08150000, 0x08c00000, 0x12c00000)
   the space 10944K,  67% used [0x08150000, 0x0888abf0, 0x0888ac00, 0x08c00000)
 Metaspace       used 7394K, capacity 9284K, committed 9344K, reserved 9600K
}
Event: 208.640 GC heap before
{Heap before GC invocations=45 (full 0):
 def new generation   total 4928K, used 4672K [0x02c00000, 0x03150000, 0x08150000)
  eden space 4416K, 100% used [0x02c00000, 0x03050000, 0x03050000)
  from space 512K,  50% used [0x030d0000, 0x031101a8, 0x03150000)
  to   space 512K,   0% used [0x03050000, 0x03050000, 0x030d0000)
 tenured generation   total 10944K, used 7402K [0x08150000, 0x08c00000, 0x12c00000)
   the space 10944K,  67% used [0x08150000, 0x0888abf0, 0x0888ac00, 0x08c00000)
 Metaspace       used 7394K, capacity 9284K, committed 9344K, reserved 9600K
Event: 208.645 GC heap after
Heap after GC invocations=46 (full 0):
 def new generation   total 4928K, used 248K [0x02c00000, 0x03150000, 0x08150000)
  eden space 4416K,   0% used [0x02c00000, 0x02c00000, 0x03050000)
  from space 512K,  48% used [0x03050000, 0x0308e028, 0x030d0000)
  to   space 512K,   0% used [0x030d0000, 0x030d0000, 0x03150000)
 tenured generation   total 10944K, used 7439K [0x08150000, 0x08c00000, 0x12c00000)
   the space 10944K,  67% used [0x08150000, 0x08893c30, 0x08893e00, 0x08c00000)
 Metaspace       used 7394K, capacity 9284K, committed 9344K, reserved 9600K
}
Event: 212.308 GC heap before
{Heap before GC invocations=46 (full 0):
 def new generation   total 4928K, used 4664K [0x02c00000, 0x03150000, 0x08150000)
  eden space 4416K, 100% used [0x02c00000, 0x03050000, 0x03050000)
  from space 512K,  48% used [0x03050000, 0x0308e028, 0x030d0000)
  to   space 512K,   0% used [0x030d0000, 0x030d0000, 0x03150000)
 tenured generation   total 10944K, used 7439K [0x08150000, 0x08c00000, 0x12c00000)
   the space 10944K,  67% used [0x08150000, 0x08893c30, 0x08893e00, 0x08c00000)
 Metaspace       used 7394K, capacity 9284K, committed 9344K, reserved 9600K
Event: 212.311 GC heap after
Heap after GC invocations=47 (full 0):
 def new generation   total 4928K, used 267K [0x02c00000, 0x03150000, 0x08150000)
  eden space 4416K,   0% used [0x02c00000, 0x02c00000, 0x03050000)
  from space 512K,  52% used [0x030d0000, 0x03112d18, 0x03150000)
  to   space 512K,   0% used [0x03050000, 0x03050000, 0x030d0000)
 tenured generation   total 10944K, used 7439K [0x08150000, 0x08c00000, 0x12c00000)
   the space 10944K,  67% used [0x08150000, 0x08893c30, 0x08893e00, 0x08c00000)
 Metaspace       used 7394K, capacity 9284K, committed 9344K, reserved 9600K
}
Event: 216.442 GC heap before
{Heap before GC invocations=47 (full 0):
 def new generation   total 4928K, used 4683K [0x02c00000, 0x03150000, 0x08150000)
  eden space 4416K, 100% used [0x02c00000, 0x03050000, 0x03050000)
  from space 512K,  52% used [0x030d0000, 0x03112d18, 0x03150000)
  to   space 512K,   0% used [0x03050000, 0x03050000, 0x030d0000)
 tenured generation   total 10944K, used 7439K [0x08150000, 0x08c00000, 0x12c00000)
   the space 10944K,  67% used [0x08150000, 0x08893c30, 0x08893e00, 0x08c00000)
 Metaspace       used 7394K, capacity 9284K, committed 9344K, reserved 9600K
Event: 216.445 GC heap after
Heap after GC invocations=48 (full 0):
 def new generation   total 4928K, used 259K [0x02c00000, 0x03150000, 0x08150000)
  eden space 4416K,   0% used [0x02c00000, 0x02c00000, 0x03050000)
  from space 512K,  50% used [0x03050000, 0x03090e58, 0x030d0000)
  to   space 512K,   0% used [0x030d0000, 0x030d0000, 0x03150000)
 tenured generation   total 10944K, used 7466K [0x08150000, 0x08c00000, 0x12c00000)
   the space 10944K,  68% used [0x08150000, 0x0889aa40, 0x0889ac00, 0x08c00000)
 Metaspace       used 7394K, capacity 9284K, committed 9344K, reserved 9600K
}
Event: 220.829 GC heap before
{Heap before GC invocations=48 (full 0):
 def new generation   total 4928K, used 4675K [0x02c00000, 0x03150000, 0x08150000)
  eden space 4416K, 100% used [0x02c00000, 0x03050000, 0x03050000)
  from space 512K,  50% used [0x03050000, 0x03090e58, 0x030d0000)
  to   space 512K,   0% used [0x030d0000, 0x030d0000, 0x03150000)
 tenured generation   total 10944K, used 7466K [0x08150000, 0x08c00000, 0x12c00000)
   the space 10944K,  68% used [0x08150000, 0x0889aa40, 0x0889ac00, 0x08c00000)
 Metaspace       used 7394K, capacity 9284K, committed 9344K, reserved 9600K
Event: 220.832 GC heap after
Heap after GC invocations=49 (full 0):
 def new generation   total 4928K, used 240K [0x02c00000, 0x03150000, 0x08150000)
  eden space 4416K,   0% used [0x02c00000, 0x02c00000, 0x03050000)
  from space 512K,  46% used [0x030d0000, 0x0310c030, 0x03150000)
  to   space 512K,   0% used [0x03050000, 0x03050000, 0x030d0000)
 tenured generation   total 10944K, used 7499K [0x08150000, 0x08c00000, 0x12c00000)
   the space 10944K,  68% used [0x08150000, 0x088a2c78, 0x088a2e00, 0x08c00000)
 Metaspace       used 7394K, capacity 9284K, committed 9344K, reserved 9600K
}

